  Main.cpp
c:\users\алексей\desktop\5637292mac\5637292\main.cpp(36): warning C4244: аргумент: преобразование "int" в "float", возможна потеря данных
c:\users\алексей\desktop\5637292mac\5637292\main.cpp(56): warning C4244: =: преобразование "double" в "int", возможна потеря данных
c:\users\алексей\desktop\5637292mac\5637292\main.cpp(61): warning C4244: =: преобразование "double" в "int", возможна потеря данных
c:\users\алексей\desktop\5637292mac\5637292\main.cpp(206): warning C4244: аргумент: преобразование "float" в "int", возможна потеря данных
c:\users\алексей\desktop\5637292mac\5637292\main.cpp(211): warning C4244: =: преобразование "float" в "int", возможна потеря данных
c:\users\алексей\desktop\5637292mac\5637292\main.cpp(212): warning C4244: =: преобразование "float" в "int", возможна потеря данных
c:\users\алексей\desktop\5637292mac\5637292\main.cpp(219): warning C4244: аргумент: преобразование "int" в "float", возможна потеря данных
c:\users\алексей\desktop\5637292mac\5637292\main.cpp(249): warning C4244: инициализация: преобразование "float" в "int", возможна потеря данных
c:\users\алексей\desktop\5637292mac\5637292\main.cpp(250): warning C4244: инициализация: преобразование "float" в "int", возможна потеря данных
c:\users\алексей\desktop\5637292mac\5637292\main.cpp(256): warning C4244: =: преобразование "int" в "float", возможна потеря данных
c:\users\алексей\desktop\5637292mac\5637292\main.cpp(260): warning C4244: =: преобразование "int" в "float", возможна потеря данных
c:\users\алексей\desktop\5637292mac\5637292\main.cpp(264): warning C4244: =: преобразование "int" в "float", возможна потеря данных
c:\users\алексей\desktop\5637292mac\5637292\main.cpp(268): warning C4244: =: преобразование "int" в "float", возможна потеря данных
c:\users\алексей\desktop\5637292mac\5637292\main.cpp(287): warning C4305: =: усечение из "double" в "float"
c:\users\алексей\desktop\5637292mac\5637292\main.cpp(293): warning C4244: инициализация: преобразование "float" в "int", возможна потеря данных
c:\users\алексей\desktop\5637292mac\5637292\main.cpp(294): warning C4244: инициализация: преобразование "float" в "int", возможна потеря данных
c:\users\алексей\desktop\5637292mac\5637292\main.cpp(437): warning C4244: аргумент: преобразование "time_t" в "unsigned int", возможна потеря данных
c:\users\алексей\desktop\5637292mac\5637292\main.cpp(462): warning C4244: инициализация: преобразование "sf::Int64" в "float", возможна потеря данных
c:\users\алексей\desktop\5637292mac\5637292\main.cpp(483): warning C4305: =: усечение из "double" в "float"
c:\users\алексей\desktop\5637292mac\5637292\main.cpp(484): warning C4244: +=: преобразование "double" в "float", возможна потеря данных
c:\users\алексей\desktop\5637292mac\5637292\main.cpp(491): warning C4305: =: усечение из "double" в "float"
c:\users\алексей\desktop\5637292mac\5637292\main.cpp(492): warning C4244: +=: преобразование "double" в "float", возможна потеря данных
c:\users\алексей\desktop\5637292mac\5637292\main.cpp(499): warning C4305: =: усечение из "double" в "float"
c:\users\алексей\desktop\5637292mac\5637292\main.cpp(500): warning C4244: +=: преобразование "double" в "float", возможна потеря данных
c:\users\алексей\desktop\5637292mac\5637292\main.cpp(507): warning C4305: =: усечение из "double" в "float"
c:\users\алексей\desktop\5637292mac\5637292\main.cpp(508): warning C4244: +=: преобразование "double" в "float", возможна потеря данных
c:\users\алексей\desktop\5637292mac\5637292\main.cpp(516): warning C4244: инициализация: преобразование "double" в "float", возможна потеря данных
c:\users\алексей\desktop\5637292mac\5637292\main.cpp(550): warning C4244: аргумент: преобразование "int" в "float", возможна потеря данных
c:\users\алексей\desktop\5637292mac\5637292\main.cpp(426): warning C4101: vectorY: неиспользованная локальная переменная
c:\users\алексей\desktop\5637292mac\5637292\main.cpp(425): warning C4101: vectorX: неиспользованная локальная переменная
sfml-graphics-s-d.lib(RenderStates.cpp.obj) : error LNK2038: обнаружено несоответствие для "_ITERATOR_DEBUG_LEVEL": значение "2" не соответствует значению "0" в Main.obj
sfml-graphics-s-d.lib(RenderStates.cpp.obj) : error LNK2038: обнаружено несоответствие для "RuntimeLibrary": значение "MDd_DynamicDebug" не соответствует значению "MD_DynamicRelease" в Main.obj
sfml-graphics-s-d.lib(Color.cpp.obj) : error LNK2038: обнаружено несоответствие для "_ITERATOR_DEBUG_LEVEL": значение "2" не соответствует значению "0" в Main.obj
sfml-graphics-s-d.lib(Color.cpp.obj) : error LNK2038: обнаружено несоответствие для "RuntimeLibrary": значение "MDd_DynamicDebug" не соответствует значению "MD_DynamicRelease" в Main.obj
sfml-graphics-s-d.lib(CircleShape.cpp.obj) : error LNK2038: обнаружено несоответствие для "_ITERATOR_DEBUG_LEVEL": значение "2" не соответствует значению "0" в Main.obj
sfml-graphics-s-d.lib(CircleShape.cpp.obj) : error LNK2038: обнаружено несоответствие для "RuntimeLibrary": значение "MDd_DynamicDebug" не соответствует значению "MD_DynamicRelease" в Main.obj
sfml-graphics-s-d.lib(Transformable.cpp.obj) : error LNK2038: обнаружено несоответствие для "_ITERATOR_DEBUG_LEVEL": значение "2" не соответствует значению "0" в Main.obj
sfml-graphics-s-d.lib(Transformable.cpp.obj) : error LNK2038: обнаружено несоответствие для "RuntimeLibrary": значение "MDd_DynamicDebug" не соответствует значению "MD_DynamicRelease" в Main.obj
sfml-graphics-s-d.lib(View.cpp.obj) : error LNK2038: обнаружено несоответствие для "_ITERATOR_DEBUG_LEVEL": значение "2" не соответствует значению "0" в Main.obj
sfml-graphics-s-d.lib(View.cpp.obj) : error LNK2038: обнаружено несоответствие для "RuntimeLibrary": значение "MDd_DynamicDebug" не соответствует значению "MD_DynamicRelease" в Main.obj
sfml-graphics-s-d.lib(Texture.cpp.obj) : error LNK2038: обнаружено несоответствие для "_ITERATOR_DEBUG_LEVEL": значение "2" не соответствует значению "0" в Main.obj
sfml-graphics-s-d.lib(Texture.cpp.obj) : error LNK2038: обнаружено несоответствие для "RuntimeLibrary": значение "MDd_DynamicDebug" не соответствует значению "MD_DynamicRelease" в Main.obj
sfml-graphics-s-d.lib(RenderWindow.cpp.obj) : error LNK2038: обнаружено несоответствие для "_ITERATOR_DEBUG_LEVEL": значение "2" не соответствует значению "0" в Main.obj
sfml-graphics-s-d.lib(RenderWindow.cpp.obj) : error LNK2038: обнаружено несоответствие для "RuntimeLibrary": значение "MDd_DynamicDebug" не соответствует значению "MD_DynamicRelease" в Main.obj
sfml-graphics-s-d.lib(VertexArray.cpp.obj) : error LNK2038: обнаружено несоответствие для "_ITERATOR_DEBUG_LEVEL": значение "2" не соответствует значению "0" в Main.obj
sfml-graphics-s-d.lib(VertexArray.cpp.obj) : error LNK2038: обнаружено несоответствие для "RuntimeLibrary": значение "MDd_DynamicDebug" не соответствует значению "MD_DynamicRelease" в Main.obj
sfml-graphics-s-d.lib(Image.cpp.obj) : error LNK2038: обнаружено несоответствие для "_ITERATOR_DEBUG_LEVEL": значение "2" не соответствует значению "0" в Main.obj
sfml-graphics-s-d.lib(Image.cpp.obj) : error LNK2038: обнаружено несоответствие для "RuntimeLibrary": значение "MDd_DynamicDebug" не соответствует значению "MD_DynamicRelease" в Main.obj
sfml-graphics-s-d.lib(RenderTarget.cpp.obj) : error LNK2038: обнаружено несоответствие для "_ITERATOR_DEBUG_LEVEL": значение "2" не соответствует значению "0" в Main.obj
sfml-graphics-s-d.lib(RenderTarget.cpp.obj) : error LNK2038: обнаружено несоответствие для "RuntimeLibrary": значение "MDd_DynamicDebug" не соответствует значению "MD_DynamicRelease" в Main.obj
sfml-graphics-s-d.lib(Shape.cpp.obj) : error LNK2038: обнаружено несоответствие для "_ITERATOR_DEBUG_LEVEL": значение "2" не соответствует значению "0" в Main.obj
sfml-graphics-s-d.lib(Shape.cpp.obj) : error LNK2038: обнаружено несоответствие для "RuntimeLibrary": значение "MDd_DynamicDebug" не соответствует значению "MD_DynamicRelease" в Main.obj
sfml-graphics-s-d.lib(Sprite.cpp.obj) : error LNK2038: обнаружено несоответствие для "_ITERATOR_DEBUG_LEVEL": значение "2" не соответствует значению "0" в Main.obj
sfml-graphics-s-d.lib(Sprite.cpp.obj) : error LNK2038: обнаружено несоответствие для "RuntimeLibrary": значение "MDd_DynamicDebug" не соответствует значению "MD_DynamicRelease" в Main.obj
sfml-graphics-s-d.lib(Transform.cpp.obj) : error LNK2038: обнаружено несоответствие для "_ITERATOR_DEBUG_LEVEL": значение "2" не соответствует значению "0" в Main.obj
sfml-graphics-s-d.lib(Transform.cpp.obj) : error LNK2038: обнаружено несоответствие для "RuntimeLibrary": значение "MDd_DynamicDebug" не соответствует значению "MD_DynamicRelease" в Main.obj
sfml-graphics-s-d.lib(GLExtensions.cpp.obj) : error LNK2038: обнаружено несоответствие для "_ITERATOR_DEBUG_LEVEL": значение "2" не соответствует значению "0" в Main.obj
sfml-graphics-s-d.lib(GLExtensions.cpp.obj) : error LNK2038: обнаружено несоответствие для "RuntimeLibrary": значение "MDd_DynamicDebug" не соответствует значению "MD_DynamicRelease" в Main.obj
sfml-graphics-s-d.lib(GLCheck.cpp.obj) : error LNK2038: обнаружено несоответствие для "_ITERATOR_DEBUG_LEVEL": значение "2" не соответствует значению "0" в Main.obj
sfml-graphics-s-d.lib(GLCheck.cpp.obj) : error LNK2038: обнаружено несоответствие для "RuntimeLibrary": значение "MDd_DynamicDebug" не соответствует значению "MD_DynamicRelease" в Main.obj
sfml-graphics-s-d.lib(ImageLoader.cpp.obj) : error LNK2038: обнаружено несоответствие для "_ITERATOR_DEBUG_LEVEL": значение "2" не соответствует значению "0" в Main.obj
sfml-graphics-s-d.lib(ImageLoader.cpp.obj) : error LNK2038: обнаружено несоответствие для "RuntimeLibrary": значение "MDd_DynamicDebug" не соответствует значению "MD_DynamicRelease" в Main.obj
sfml-graphics-s-d.lib(Shader.cpp.obj) : error LNK2038: обнаружено несоответствие для "_ITERATOR_DEBUG_LEVEL": значение "2" не соответствует значению "0" в Main.obj
sfml-graphics-s-d.lib(Shader.cpp.obj) : error LNK2038: обнаружено несоответствие для "RuntimeLibrary": значение "MDd_DynamicDebug" не соответствует значению "MD_DynamicRelease" в Main.obj
sfml-graphics-s-d.lib(Glsl.cpp.obj) : error LNK2038: обнаружено несоответствие для "_ITERATOR_DEBUG_LEVEL": значение "2" не соответствует значению "0" в Main.obj
sfml-graphics-s-d.lib(Glsl.cpp.obj) : error LNK2038: обнаружено несоответствие для "RuntimeLibrary": значение "MDd_DynamicDebug" не соответствует значению "MD_DynamicRelease" в Main.obj
sfml-window-s-d.lib(Window.cpp.obj) : error LNK2038: обнаружено несоответствие для "_ITERATOR_DEBUG_LEVEL": значение "2" не соответствует значению "0" в Main.obj
sfml-window-s-d.lib(Window.cpp.obj) : error LNK2038: обнаружено несоответствие для "RuntimeLibrary": значение "MDd_DynamicDebug" не соответствует значению "MD_DynamicRelease" в Main.obj
sfml-window-s-d.lib(VideoMode.cpp.obj) : error LNK2038: обнаружено несоответствие для "_ITERATOR_DEBUG_LEVEL": значение "2" не соответствует значению "0" в Main.obj
sfml-window-s-d.lib(VideoMode.cpp.obj) : error LNK2038: обнаружено несоответствие для "RuntimeLibrary": значение "MDd_DynamicDebug" не соответствует значению "MD_DynamicRelease" в Main.obj
sfml-window-s-d.lib(Mouse.cpp.obj) : error LNK2038: обнаружено несоответствие для "_ITERATOR_DEBUG_LEVEL": значение "2" не соответствует значению "0" в Main.obj
sfml-window-s-d.lib(Mouse.cpp.obj) : error LNK2038: обнаружено несоответствие для "RuntimeLibrary": значение "MDd_DynamicDebug" не соответствует значению "MD_DynamicRelease" в Main.obj
sfml-window-s-d.lib(Context.cpp.obj) : error LNK2038: обнаружено несоответствие для "_ITERATOR_DEBUG_LEVEL": значение "2" не соответствует значению "0" в Main.obj
sfml-window-s-d.lib(Context.cpp.obj) : error LNK2038: обнаружено несоответствие для "RuntimeLibrary": значение "MDd_DynamicDebug" не соответствует значению "MD_DynamicRelease" в Main.obj
sfml-window-s-d.lib(GlContext.cpp.obj) : error LNK2038: обнаружено несоответствие для "_ITERATOR_DEBUG_LEVEL": значение "2" не соответствует значению "0" в Main.obj
sfml-window-s-d.lib(GlContext.cpp.obj) : error LNK2038: обнаружено несоответствие для "RuntimeLibrary": значение "MDd_DynamicDebug" не соответствует значению "MD_DynamicRelease" в Main.obj
sfml-window-s-d.lib(WindowImpl.cpp.obj) : error LNK2038: обнаружено несоответствие для "_ITERATOR_DEBUG_LEVEL": значение "2" не соответствует значению "0" в Main.obj
sfml-window-s-d.lib(WindowImpl.cpp.obj) : error LNK2038: обнаружено несоответствие для "RuntimeLibrary": значение "MDd_DynamicDebug" не соответствует значению "MD_DynamicRelease" в Main.obj
sfml-window-s-d.lib(InputImpl.cpp.obj) : error LNK2038: обнаружено несоответствие для "_ITERATOR_DEBUG_LEVEL": значение "2" не соответствует значению "0" в Main.obj
sfml-window-s-d.lib(InputImpl.cpp.obj) : error LNK2038: обнаружено несоответствие для "RuntimeLibrary": значение "MDd_DynamicDebug" не соответствует значению "MD_DynamicRelease" в Main.obj
sfml-window-s-d.lib(VideoModeImpl.cpp.obj) : error LNK2038: обнаружено несоответствие для "_ITERATOR_DEBUG_LEVEL": значение "2" не соответствует значению "0" в Main.obj
sfml-window-s-d.lib(VideoModeImpl.cpp.obj) : error LNK2038: обнаружено несоответствие для "RuntimeLibrary": значение "MDd_DynamicDebug" не соответствует значению "MD_DynamicRelease" в Main.obj
sfml-window-s-d.lib(WglContext.cpp.obj) : error LNK2038: обнаружено несоответствие для "_ITERATOR_DEBUG_LEVEL": значение "2" не соответствует значению "0" в Main.obj
sfml-window-s-d.lib(WglContext.cpp.obj) : error LNK2038: обнаружено несоответствие для "RuntimeLibrary": значение "MDd_DynamicDebug" не соответствует значению "MD_DynamicRelease" в Main.obj
sfml-window-s-d.lib(JoystickManager.cpp.obj) : error LNK2038: обнаружено несоответствие для "_ITERATOR_DEBUG_LEVEL": значение "2" не соответствует значению "0" в Main.obj
sfml-window-s-d.lib(JoystickManager.cpp.obj) : error LNK2038: обнаружено несоответствие для "RuntimeLibrary": значение "MDd_DynamicDebug" не соответствует значению "MD_DynamicRelease" в Main.obj
sfml-window-s-d.lib(SensorManager.cpp.obj) : error LNK2038: обнаружено несоответствие для "_ITERATOR_DEBUG_LEVEL": значение "2" не соответствует значению "0" в Main.obj
sfml-window-s-d.lib(SensorManager.cpp.obj) : error LNK2038: обнаружено несоответствие для "RuntimeLibrary": значение "MDd_DynamicDebug" не соответствует значению "MD_DynamicRelease" в Main.obj
sfml-window-s-d.lib(WindowImplWin32.cpp.obj) : error LNK2038: обнаружено несоответствие для "_ITERATOR_DEBUG_LEVEL": значение "2" не соответствует значению "0" в Main.obj
sfml-window-s-d.lib(WindowImplWin32.cpp.obj) : error LNK2038: обнаружено несоответствие для "RuntimeLibrary": значение "MDd_DynamicDebug" не соответствует значению "MD_DynamicRelease" в Main.obj
sfml-window-s-d.lib(WglExtensions.cpp.obj) : error LNK2038: обнаружено несоответствие для "_ITERATOR_DEBUG_LEVEL": значение "2" не соответствует значению "0" в Main.obj
sfml-window-s-d.lib(WglExtensions.cpp.obj) : error LNK2038: обнаружено несоответствие для "RuntimeLibrary": значение "MDd_DynamicDebug" не соответствует значению "MD_DynamicRelease" в Main.obj
sfml-window-s-d.lib(Joystick.cpp.obj) : error LNK2038: обнаружено несоответствие для "_ITERATOR_DEBUG_LEVEL": значение "2" не соответствует значению "0" в Main.obj
sfml-window-s-d.lib(Joystick.cpp.obj) : error LNK2038: обнаружено несоответствие для "RuntimeLibrary": значение "MDd_DynamicDebug" не соответствует значению "MD_DynamicRelease" в Main.obj
sfml-window-s-d.lib(JoystickImpl.cpp.obj) : error LNK2038: обнаружено несоответствие для "_ITERATOR_DEBUG_LEVEL": значение "2" не соответствует значению "0" в Main.obj
sfml-window-s-d.lib(JoystickImpl.cpp.obj) : error LNK2038: обнаружено несоответствие для "RuntimeLibrary": значение "MDd_DynamicDebug" не соответствует значению "MD_DynamicRelease" в Main.obj
sfml-system-s-d.lib(String.cpp.obj) : error LNK2038: обнаружено несоответствие для "_ITERATOR_DEBUG_LEVEL": значение "2" не соответствует значению "0" в Main.obj
sfml-system-s-d.lib(String.cpp.obj) : error LNK2038: обнаружено несоответствие для "RuntimeLibrary": значение "MDd_DynamicDebug" не соответствует значению "MD_DynamicRelease" в Main.obj
sfml-system-s-d.lib(Err.cpp.obj) : error LNK2038: обнаружено несоответствие для "_ITERATOR_DEBUG_LEVEL": значение "2" не соответствует значению "0" в Main.obj
sfml-system-s-d.lib(Err.cpp.obj) : error LNK2038: обнаружено несоответствие для "RuntimeLibrary": значение "MDd_DynamicDebug" не соответствует значению "MD_DynamicRelease" в Main.obj
sfml-system-s-d.lib(ThreadLocal.cpp.obj) : error LNK2038: обнаружено несоответствие для "_ITERATOR_DEBUG_LEVEL": значение "2" не соответствует значению "0" в Main.obj
sfml-system-s-d.lib(ThreadLocal.cpp.obj) : error LNK2038: обнаружено несоответствие для "RuntimeLibrary": значение "MDd_DynamicDebug" не соответствует значению "MD_DynamicRelease" в Main.obj
     Создается библиотека C:\Users\Алексей\Desktop\5637292mac\x64\Release\5637292.lib и объект C:\Users\Алексей\Desktop\5637292mac\x64\Release\5637292.exp
LINK : warning LNK4098: библиотека по умолчанию "MSVCRTD" противоречит использованию других библиотек; используйте параметр /NODEFAULTLIB:library
sfml-window-s-d.lib(JoystickImpl.cpp.obj) : error LNK2001: неразрешенный внешний символ "__imp__invalid_parameter"
sfml-system-s-d.lib(String.cpp.obj) : error LNK2001: неразрешенный внешний символ "__imp__invalid_parameter"
sfml-window-s-d.lib(WglContext.cpp.obj) : error LNK2001: неразрешенный внешний символ "__imp__invalid_parameter"
sfml-window-s-d.lib(JoystickManager.cpp.obj) : error LNK2001: неразрешенный внешний символ "__imp__invalid_parameter"
sfml-window-s-d.lib(WindowImplWin32.cpp.obj) : error LNK2001: неразрешенный внешний символ "__imp__invalid_parameter"
sfml-window-s-d.lib(WglExtensions.cpp.obj) : error LNK2001: неразрешенный внешний символ "__imp__invalid_parameter"
sfml-window-s-d.lib(VideoMode.cpp.obj) : error LNK2001: неразрешенный внешний символ "__imp__invalid_parameter"
sfml-window-s-d.lib(GlContext.cpp.obj) : error LNK2001: неразрешенный внешний символ "__imp__invalid_parameter"
sfml-window-s-d.lib(WindowImpl.cpp.obj) : error LNK2001: неразрешенный внешний символ "__imp__invalid_parameter"
sfml-window-s-d.lib(VideoModeImpl.cpp.obj) : error LNK2001: неразрешенный внешний символ "__imp__invalid_parameter"
sfml-graphics-s-d.lib(GLCheck.cpp.obj) : error LNK2001: неразрешенный внешний символ "__imp__invalid_parameter"
sfml-graphics-s-d.lib(ImageLoader.cpp.obj) : error LNK2001: неразрешенный внешний символ "__imp__invalid_parameter"
sfml-graphics-s-d.lib(Shader.cpp.obj) : error LNK2001: неразрешенный внешний символ "__imp__invalid_parameter"
sfml-window-s-d.lib(Window.cpp.obj) : error LNK2001: неразрешенный внешний символ "__imp__invalid_parameter"
sfml-graphics-s-d.lib(Texture.cpp.obj) : error LNK2001: неразрешенный внешний символ "__imp__invalid_parameter"
sfml-graphics-s-d.lib(VertexArray.cpp.obj) : error LNK2001: неразрешенный внешний символ "__imp__invalid_parameter"
sfml-graphics-s-d.lib(Image.cpp.obj) : error LNK2001: неразрешенный внешний символ "__imp__invalid_parameter"
sfml-graphics-s-d.lib(Shape.cpp.obj) : error LNK2001: неразрешенный внешний символ "__imp__invalid_parameter"
sfml-window-s-d.lib(JoystickImpl.cpp.obj) : error LNK2001: неразрешенный внешний символ "__imp__CrtDbgReportW"
sfml-system-s-d.lib(String.cpp.obj) : error LNK2001: неразрешенный внешний символ "__imp__CrtDbgReportW"
sfml-window-s-d.lib(WglContext.cpp.obj) : error LNK2001: неразрешенный внешний символ "__imp__CrtDbgReportW"
sfml-window-s-d.lib(JoystickManager.cpp.obj) : error LNK2001: неразрешенный внешний символ "__imp__CrtDbgReportW"
sfml-window-s-d.lib(WindowImplWin32.cpp.obj) : error LNK2001: неразрешенный внешний символ "__imp__CrtDbgReportW"
sfml-window-s-d.lib(WglExtensions.cpp.obj) : error LNK2001: неразрешенный внешний символ "__imp__CrtDbgReportW"
sfml-window-s-d.lib(VideoMode.cpp.obj) : error LNK2001: неразрешенный внешний символ "__imp__CrtDbgReportW"
sfml-window-s-d.lib(GlContext.cpp.obj) : error LNK2001: неразрешенный внешний символ "__imp__CrtDbgReportW"
sfml-window-s-d.lib(WindowImpl.cpp.obj) : error LNK2001: неразрешенный внешний символ "__imp__CrtDbgReportW"
sfml-window-s-d.lib(VideoModeImpl.cpp.obj) : error LNK2001: неразрешенный внешний символ "__imp__CrtDbgReportW"
sfml-graphics-s-d.lib(GLCheck.cpp.obj) : error LNK2001: неразрешенный внешний символ "__imp__CrtDbgReportW"
sfml-graphics-s-d.lib(ImageLoader.cpp.obj) : error LNK2001: неразрешенный внешний символ "__imp__CrtDbgReportW"
sfml-graphics-s-d.lib(Shader.cpp.obj) : error LNK2001: неразрешенный внешний символ "__imp__CrtDbgReportW"
sfml-window-s-d.lib(Window.cpp.obj) : error LNK2001: неразрешенный внешний символ "__imp__CrtDbgReportW"
sfml-graphics-s-d.lib(Texture.cpp.obj) : error LNK2001: неразрешенный внешний символ "__imp__CrtDbgReportW"
sfml-graphics-s-d.lib(VertexArray.cpp.obj) : error LNK2001: неразрешенный внешний символ "__imp__CrtDbgReportW"
sfml-graphics-s-d.lib(Image.cpp.obj) : error LNK2001: неразрешенный внешний символ "__imp__CrtDbgReportW"
sfml-graphics-s-d.lib(Shape.cpp.obj) : error LNK2001: неразрешенный внешний символ "__imp__CrtDbgReportW"
C:\Users\Алексей\Desktop\5637292mac\x64\Release\5637292.exe : fatal error LNK1120: неразрешенных внешних элементов: 2
